
  .   ____          _            __ _ _
 /\\ / ___'_ __ _ _(_)_ __  __ _ \ \ \ \
( ( )\___ | '_ | '_| | '_ \/ _` | \ \ \ \
 \\/  ___)| |_)| | | | | || (_| |  ) ) ) )
  '  |____| .__|_| |_|_| |_\__, | / / / /
 =========|_|==============|___/=/_/_/_/

 :: Spring Boot ::                (v4.0.3)

2026-03-16T23:06:07.476+01:00  INFO 21136 --- [Unit_Converter_Backend] [           main] f.u.UnitConverterBackendApplication      : Starting UnitConverterBackendApplication v0.0.1-SNAPSHOT using Java 17.0.12 with PID 21136 (C:\Git_Repositories\Unit_Converter\unit_converter_backend\target\Unit_Converter_Backend-0.0.1-SNAPSHOT.jar started by MSI in C:\Git_Repositories\Unit_Converter\unit_converter_backend)
2026-03-16T23:06:07.487+01:00  INFO 21136 --- [Unit_Converter_Backend] [           main] f.u.UnitConverterBackendApplication      : No active profile set, falling back to 1 default profile: "default"
2026-03-16T23:06:08.505+01:00  INFO 21136 --- [Unit_Converter_Backend] [           main] .s.d.r.c.RepositoryConfigurationDelegate : Bootstrapping Spring Data JPA repositories in DEFAULT mode.
2026-03-16T23:06:08.545+01:00  INFO 21136 --- [Unit_Converter_Backend] [           main] .s.d.r.c.RepositoryConfigurationDelegate : Finished Spring Data repository scanning in 33 ms. Found 2 JPA repository interfaces.
2026-03-16T23:06:09.294+01:00  INFO 21136 --- [Unit_Converter_Backend] [           main] o.s.boot.tomcat.TomcatWebServer          : Tomcat initialized with port 8080 (http)
2026-03-16T23:06:09.314+01:00  INFO 21136 --- [Unit_Converter_Backend] [           main] o.apache.catalina.core.StandardService   : Starting service [Tomcat]
2026-03-16T23:06:09.315+01:00  INFO 21136 --- [Unit_Converter_Backend] [           main] o.apache.catalina.core.StandardEngine    : Starting Servlet engine: [Apache Tomcat/11.0.18]
2026-03-16T23:06:09.347+01:00  INFO 21136 --- [Unit_Converter_Backend] [           main] b.w.c.s.WebApplicationContextInitializer : Root WebApplicationContext: initialization completed in 1788 ms
2026-03-16T23:06:09.515+01:00  INFO 21136 --- [Unit_Converter_Backend] [           main] org.hibernate.orm.jpa                    : HHH008540: Processing PersistenceUnitInfo [name: default]
2026-03-16T23:06:09.584+01:00  INFO 21136 --- [Unit_Converter_Backend] [           main] org.hibernate.orm.core                   : HHH000001: Hibernate ORM core version 7.2.4.Final
2026-03-16T23:06:10.154+01:00  INFO 21136 --- [Unit_Converter_Backend] [           main] o.s.o.j.p.SpringPersistenceUnitInfo      : No LoadTimeWeaver setup: ignoring JPA class transformer
2026-03-16T23:06:10.183+01:00  INFO 21136 --- [Unit_Converter_Backend] [           main] com.zaxxer.hikari.HikariDataSource       : HikariPool-1 - Starting...
2026-03-16T23:06:10.341+01:00  INFO 21136 --- [Unit_Converter_Backend] [           main] com.zaxxer.hikari.pool.HikariPool        : HikariPool-1 - Added connection com.mysql.cj.jdbc.ConnectionImpl@120d6cbf
2026-03-16T23:06:10.342+01:00  INFO 21136 --- [Unit_Converter_Backend] [           main] com.zaxxer.hikari.HikariDataSource       : HikariPool-1 - Start completed.
2026-03-16T23:06:10.391+01:00  WARN 21136 --- [Unit_Converter_Backend] [           main] org.hibernate.orm.deprecation            : HHH90000025: MySQLDialect does not need to be specified explicitly using 'hibernate.dialect' (remove the property setting and it will be selected by default)
2026-03-16T23:06:10.408+01:00  INFO 21136 --- [Unit_Converter_Backend] [           main] org.hibernate.orm.connections.pooling    : HHH10001005: Database info:
	Database JDBC URL [jdbc:mysql://localhost:3306/unit_converter_db?useSSL=false&serverTimezone=UTC]
	Database driver: MySQL Connector/J
	Database dialect: MySQLDialect
	Database version: 8.0.31
	Default catalog/schema: unit_converter_db/undefined
	Autocommit mode: undefined/unknown
	Isolation level: REPEATABLE_READ [default REPEATABLE_READ]
	JDBC fetch size: none
	Pool: DataSourceConnectionProvider
	Minimum pool size: undefined/unknown
	Maximum pool size: undefined/unknown
2026-03-16T23:06:11.176+01:00  INFO 21136 --- [Unit_Converter_Backend] [           main] org.hibernate.orm.core                   : HHH000489: No JTA platform available (set 'hibernate.transaction.jta.platform' to enable JTA platform integration)
Hibernate: 
    alter table conversion_history 
       add constraint FKd5yt0xal9kdktajc819612lbf 
       foreign key (user_id) 
       references users (id)
2026-03-16T23:06:11.307+01:00  INFO 21136 --- [Unit_Converter_Backend] [           main] j.LocalContainerEntityManagerFactoryBean : Initialized JPA EntityManagerFactory for persistence unit 'default'
2026-03-16T23:06:11.348+01:00  INFO 21136 --- [Unit_Converter_Backend] [           main] o.s.d.j.r.query.QueryEnhancerFactories   : Hibernate is in classpath; If applicable, HQL parser will be used.
2026-03-16T23:06:11.574+01:00  INFO 21136 --- [Unit_Converter_Backend] [           main] eAuthenticationProviderManagerConfigurer : Global AuthenticationManager configured with AuthenticationProvider bean with name authenticationProvider
2026-03-16T23:06:11.575+01:00  WARN 21136 --- [Unit_Converter_Backend] [           main] r$InitializeUserDetailsManagerConfigurer : Global AuthenticationManager configured with an AuthenticationProvider bean. UserDetailsService beans will not be used by Spring Security for automatically configuring username/password login. Consider removing the AuthenticationProvider bean. Alternatively, consider using the UserDetailsService in a manually instantiated DaoAuthenticationProvider. If the current configuration is intentional, to turn off this warning, increase the logging level of 'org.springframework.security.config.annotation.authentication.configuration.InitializeUserDetailsBeanManagerConfigurer' to ERROR
2026-03-16T23:06:11.630+01:00  WARN 21136 --- [Unit_Converter_Backend] [           main] JpaBaseConfiguration$JpaWebConfiguration : spring.jpa.open-in-view is enabled by default. Therefore, database queries may be performed during view rendering. Explicitly configure spring.jpa.open-in-view to disable this warning
2026-03-16T23:06:12.397+01:00  INFO 21136 --- [Unit_Converter_Backend] [           main] o.s.boot.tomcat.TomcatWebServer          : Tomcat started on port 8080 (http) with context path '/'
2026-03-16T23:06:12.412+01:00  INFO 21136 --- [Unit_Converter_Backend] [           main] f.u.UnitConverterBackendApplication      : Started UnitConverterBackendApplication in 5.453 seconds (process running for 6.011)
2026-03-16T23:06:46.916+01:00  INFO 21136 --- [Unit_Converter_Backend] [nio-8080-exec-1] o.a.c.c.C.[Tomcat].[localhost].[/]       : Initializing Spring DispatcherServlet 'dispatcherServlet'
2026-03-16T23:06:46.917+01:00  INFO 21136 --- [Unit_Converter_Backend] [nio-8080-exec-1] o.s.web.servlet.DispatcherServlet        : Initializing Servlet 'dispatcherServlet'
2026-03-16T23:06:46.918+01:00  INFO 21136 --- [Unit_Converter_Backend] [nio-8080-exec-1] o.s.web.servlet.DispatcherServlet        : Completed initialization in 1 ms
Hibernate: 
    select
        u1_0.id 
    from
        users u1_0 
    where
        u1_0.email=? 
    limit
        ?
Hibernate: 
    insert 
    into
        users
        (created_at, email, enabled, name, password, role) 
    values
        (?, ?, ?, ?, ?, ?)
Hibernate: 
    select
        u1_0.id,
        u1_0.created_at,
        u1_0.email,
        u1_0.enabled,
        u1_0.name,
        u1_0.password,
        u1_0.role 
    from
        users u1_0 
    where
        u1_0.email=?
Hibernate: 
    select
        u1_0.id 
    from
        users u1_0 
    where
        u1_0.email=? 
    limit
        ?
Hibernate: 
    insert 
    into
        users
        (created_at, email, enabled, name, password, role) 
    values
        (?, ?, ?, ?, ?, ?)
Hibernate: 
    select
        u1_0.id,
        u1_0.created_at,
        u1_0.email,
        u1_0.enabled,
        u1_0.name,
        u1_0.password,
        u1_0.role 
    from
        users u1_0 
    where
        u1_0.email=?
Hibernate: 
    select
        u1_0.id,
        u1_0.created_at,
        u1_0.email,
        u1_0.enabled,
        u1_0.name,
        u1_0.password,
        u1_0.role 
    from
        users u1_0 
    where
        u1_0.email=?
Hibernate: 
    select
        u1_0.id,
        u1_0.created_at,
        u1_0.email,
        u1_0.enabled,
        u1_0.name,
        u1_0.password,
        u1_0.role 
    from
        users u1_0 
    where
        u1_0.email=?
Hibernate: 
    insert 
    into
        conversion_history
        (category, created_at, from_unit, input_value, output_value, to_unit, user_id) 
    values
        (?, ?, ?, ?, ?, ?, ?)
Hibernate: 
    select
        u1_0.id,
        u1_0.created_at,
        u1_0.email,
        u1_0.enabled,
        u1_0.name,
        u1_0.password,
        u1_0.role 
    from
        users u1_0 
    where
        u1_0.email=?
Hibernate: 
    select
        u1_0.id,
        u1_0.created_at,
        u1_0.email,
        u1_0.enabled,
        u1_0.name,
        u1_0.password,
        u1_0.role 
    from
        users u1_0 
    where
        u1_0.email=?
Hibernate: 
    select
        ch1_0.id,
        ch1_0.category,
        ch1_0.created_at,
        ch1_0.from_unit,
        ch1_0.input_value,
        ch1_0.output_value,
        ch1_0.to_unit,
        ch1_0.user_id 
    from
        conversion_history ch1_0 
    where
        ch1_0.user_id=? 
    order by
        ch1_0.created_at desc
Hibernate: 
    select
        u1_0.id,
        u1_0.created_at,
        u1_0.email,
        u1_0.enabled,
        u1_0.name,
        u1_0.password,
        u1_0.role 
    from
        users u1_0 
    where
        u1_0.email=?
Hibernate: 
    select
        u1_0.id,
        u1_0.created_at,
        u1_0.email,
        u1_0.enabled,
        u1_0.name,
        u1_0.password,
        u1_0.role 
    from
        users u1_0 
    where
        u1_0.email=?
Hibernate: 
    select
        ch1_0.id,
        ch1_0.category,
        ch1_0.created_at,
        ch1_0.from_unit,
        ch1_0.input_value,
        ch1_0.output_value,
        ch1_0.to_unit,
        ch1_0.user_id 
    from
        conversion_history ch1_0 
    where
        ch1_0.user_id=? 
    order by
        ch1_0.created_at desc
